<?xml version="1.0" encoding="UTF-8"?>
<!-- Generated by org.testng.reporters.JUnitReportReporter -->
<testsuite hostname="Asus" failures="0" tests="1" name="test.Syskatest" time="30.116" errors="0" timestamp="2023-06-26T15:51:38 IST" skipped="0">
  <testcase classname="test.Syskatest" name="testsyska" time="30.116"/>
  <system-out/>
</testsuite> <!-- test.Syskatest -->
